<?xml version="1.0" encoding="UTF-8"?>
<testsuite name="DollarTest" tests="1" skipped="0" failures="0" errors="0" timestamp="2020-09-24T15:26:25" hostname="JongHyeonui-iMac.local" time="0.012">
  <properties/>
  <testcase name="testMultiplication()" classname="DollarTest" time="0.012"/>
  <system-out><![CDATA[]]></system-out>
  <system-err><![CDATA[]]></system-err>
</testsuite>
